<?xml version="1.0" encoding="UTF-8"?>
<testng-results ignored="0" total="1" passed="1" failed="0" skipped="0">
  <reporter-output>
    <line>
      <![CDATA[Launching browser]]>
    </line>
    <line>
      <![CDATA[Test case validateTestPlansstarted successfully  ]]>
    </line>
    <line>
      <![CDATA[Test case passed!!!]]>
    </line>
    <line>
      <![CDATA[Test case validateTestPlans is completed succesfully ]]>
    </line>
  </reporter-output>
  <suite started-at="2024-03-24T20:21:59 IST" name="Default suite" finished-at="2024-03-24T20:22:18 IST" duration-ms="19832">
    <groups>
    </groups>
    <test started-at="2024-03-24T20:21:59 IST" name="Default test" finished-at="2024-03-24T20:22:18 IST" duration-ms="19832">
      <class name="coverFoxTest.CF_TC01_Validate_Search_result_for_heathcarePoliciesT">
        <test-method is-config="true" signature="launchBrowser()[pri:0, instance:coverFoxTest.CF_TC01_Validate_Search_result_for_heathcarePoliciesT@4c1909a3]" started-at="2024-03-24T20:21:59 IST" name="launchBrowser" finished-at="2024-03-24T20:22:05 IST" duration-ms="6036" status="PASS">
          <reporter-output>
            <line>
              <![CDATA[Launching browser]]>
            </line>
          </reporter-output>
        </test-method> <!-- launchBrowser -->
        <test-method is-config="true" signature="enterMemberDetails()[pri:0, instance:coverFoxTest.CF_TC01_Validate_Search_result_for_heathcarePoliciesT@4c1909a3]" started-at="2024-03-24T20:22:05 IST" name="enterMemberDetails" finished-at="2024-03-24T20:22:09 IST" duration-ms="4876" status="PASS">
          <reporter-output>
          </reporter-output>
        </test-method> <!-- enterMemberDetails -->
        <test-method signature="validateTestPlans()[pri:0, instance:coverFoxTest.CF_TC01_Validate_Search_result_for_heathcarePoliciesT@4c1909a3]" started-at="2024-03-24T20:22:09 IST" name="validateTestPlans" finished-at="2024-03-24T20:22:15 IST" duration-ms="5542" status="PASS">
          <reporter-output>
            <line>
              <![CDATA[Test case validateTestPlansstarted successfully  ]]>
            </line>
            <line>
              <![CDATA[Test case passed!!!]]>
            </line>
            <line>
              <![CDATA[Test case validateTestPlans is completed succesfully ]]>
            </line>
          </reporter-output>
        </test-method> <!-- validateTestPlans -->
        <test-method is-config="true" signature="closeBrowser()[pri:0, instance:coverFoxTest.CF_TC01_Validate_Search_result_for_heathcarePoliciesT@4c1909a3]" started-at="2024-03-24T20:22:15 IST" name="closeBrowser" finished-at="2024-03-24T20:22:18 IST" duration-ms="3318" status="PASS">
          <reporter-output>
          </reporter-output>
        </test-method> <!-- closeBrowser -->
      </class> <!-- coverFoxTest.CF_TC01_Validate_Search_result_for_heathcarePoliciesT -->
    </test> <!-- Default test -->
  </suite> <!-- Default suite -->
</testng-results>
